[0926/180637.020:ERROR:process_info.cc(119)] ReadProcessMemory bool __cdecl crashpad::(anonymous namespace)::ReadStruct(HANDLE, crashpad::WinVMAddress, T *) [T = crashpad::process_types::LDR_DATA_TABLE_ENTRY<crashpad::process_types::internal::Traits64>]: Only part of a ReadProcessMemory or WriteProcessMemory request was completed. (0x12B)
[0926/180637.020:ERROR:process_info.cc(119)] ReadProcessMemory bool __cdecl crashpad::(anonymous namespace)::ReadStruct(HANDLE, crashpad::WinVMAddress, T *) [T = crashpad::process_types::LDR_DATA_TABLE_ENTRY<crashpad::process_types::internal::Traits64>]: Only part of a ReadProcessMemory or WriteProcessMemory request was completed. (0x12B)
[0926/180637.020:ERROR:process_info.cc(119)] ReadProcessMemory bool __cdecl crashpad::(anonymous namespace)::ReadStruct(HANDLE, crashpad::WinVMAddress, T *) [T = crashpad::process_types::LDR_DATA_TABLE_ENTRY<crashpad::process_types::internal::Traits64>]: Only part of a ReadProcessMemory or WriteProcessMemory request was completed. (0x12B)
[0926/180637.469:ERROR:process_info.cc(330)] VirtualQueryEx: Access is denied. (0x5)
[0926/180637.469:ERROR:process_info.cc(330)] VirtualQueryEx: Access is denied. (0x5)
[0926/180637.704:ERROR:process_info.cc(551)] ReadMemoryInfo failed
[0926/180637.704:ERROR:process_info.cc(330)] VirtualQueryEx: Access is denied. (0x5)
[0926/180637.705:ERROR:process_info.cc(551)] ReadMemoryInfo failed
[0926/180637.705:ERROR:process_info.cc(551)] ReadMemoryInfo failed
[0926/180637.705:ERROR:process_reader_win.cc(242)] ReadMemory at 0x7ffd84ca4e88 of 12 bytes failed: Only part of a ReadProcessMemory or WriteProcessMemory request was completed. (0x12B)
[0926/180637.705:WARNING:process_snapshot_win.cc(69)] ReadMemory ExceptionInformation failed
[0926/180637.705:ERROR:process_reader_win.cc(242)] ReadMemory at 0x7ffd84ca4e88 of 12 bytes failed: Only part of a ReadProcessMemory or WriteProcessMemory request was completed. (0x12B)
[0926/180637.705:ERROR:process_reader_win.cc(242)] ReadMemory at 0x7ffd84ca4e88 of 12 bytes failed: Only part of a ReadProcessMemory or WriteProcessMemory request was completed. (0x12B)
[0926/180637.705:WARNING:process_snapshot_win.cc(69)] ReadMemory ExceptionInformation failed
[0926/180637.705:WARNING:process_snapshot_win.cc(69)] ReadMemory ExceptionInformation failed
[0926/180637.705:ERROR:scoped_process_suspend.cc(40)] NtResumeProcess: An attempt was made to access an exiting process. (0xc000010a)
[0926/180637.705:ERROR:scoped_process_suspend.cc(40)] NtResumeProcess: An attempt was made to access an exiting process. (0xc000010a)
[0926/180637.705:ERROR:scoped_process_suspend.cc(40)] NtResumeProcess: An attempt was made to access an exiting process. (0xc000010a)
[0926/180643.838:ERROR:process_reader_win.cc(151)] SuspendThread: Access is denied. (0x5)
[0926/180643.838:ERROR:process_reader_win.cc(151)] SuspendThread: Access is denied. (0x5)
[0926/180643.838:ERROR:process_reader_win.cc(151)] SuspendThread: Access is denied. (0x5)
[0926/180643.838:ERROR:process_reader_win.cc(151)] SuspendThread: Access is denied. (0x5)
[0926/180643.838:ERROR:process_reader_win.cc(151)] SuspendThread: Access is denied. (0x5)
[0926/180643.838:ERROR:process_reader_win.cc(151)] SuspendThread: Access is denied. (0x5)
[0926/180643.838:ERROR:process_reader_win.cc(123)] NtOpenThread: {Access Denied} A process has requested access to an object, but has not been granted those access rights. (0xc0000022)
[0926/180643.838:ERROR:exception_snapshot_win.cc(88)] thread ID 26532 not found in process
[0928/202904.593:ERROR:process_reader_win.cc(123)] NtOpenThread: {Access Denied} A process has requested access to an object, but has not been granted those access rights. (0xc0000022)
[0928/202904.577:ERROR:process_reader_win.cc(123)] NtOpenThread: {Access Denied} A process has requested access to an object, but has not been granted those access rights. (0xc0000022)
[0928/202905.120:ERROR:exception_snapshot_win.cc(88)] thread ID 8696 not found in process
[0928/202905.120:ERROR:exception_snapshot_win.cc(88)] thread ID 15612 not found in process
[1005/181818.818:ERROR:scoped_process_suspend.cc(31)] NtSuspendProcess: An attempt was made to access an exiting process. (0xc000010a)
[1005/181822.475:ERROR:process_info.cc(119)] ReadProcessMemory bool __cdecl crashpad::(anonymous namespace)::ReadStruct(HANDLE, crashpad::WinVMAddress, T *) [T = crashpad::process_types::PEB<crashpad::process_types::internal::Traits64>]: Only part of a ReadProcessMemory or WriteProcessMemory request was completed. (0x12B)
[1005/181822.476:ERROR:process_info.cc(546)] ReadProcessData failed
[1005/181822.476:ERROR:process_reader_win.cc(242)] ReadMemory at 0x7ffa65984e88 of 12 bytes failed: Only part of a ReadProcessMemory or WriteProcessMemory request was completed. (0x12B)
[1005/181822.476:WARNING:process_snapshot_win.cc(69)] ReadMemory ExceptionInformation failed
[1026/184032.910:ERROR:process_reader_win.cc(123)] NtOpenThread: {Access Denied} A process has requested access to an object, but has not been granted those access rights. (0xc0000022)
[1026/184032.989:ERROR:exception_snapshot_win.cc(88)] thread ID 6304 not found in process
[1026/184032.990:ERROR:scoped_process_suspend.cc(40)] NtResumeProcess: An attempt was made to access an exiting process. (0xc000010a)
